#
# There is insufficient memory for the Java Runtime Environment to continue.
# Native memory allocation (malloc) failed to allocate 1048576 bytes for AllocateHeap
# Possible reasons:
#   The system is out of physical RAM or swap space
#   In 32 bit mode, the process size limit was hit
# Possible solutions:
#   Reduce memory load on the system
#   Increase physical memory or swap space
#   Check if swap backing store is full
#   Use 64 bit Java on a 64 bit OS
#   Decrease Java heap size (-Xmx/-Xms)
#   Decrease number of Java threads
#   Decrease Java thread stack sizes (-Xss)
#   Set larger code cache with -XX:ReservedCodeCacheSize=
# This output file may be truncated or incomplete.
#
#  Out of Memory Error (memory/allocation.inline.hpp:61), pid=2888, tid=0x0000000000001784
#
# JRE version:  (8.0_111-b14) (build )
# Java VM: Java HotSpot(TM) 64-Bit Server VM (25.111-b14 mixed mode windows-amd64 compressed oops)
# Failed to write core dump. Minidumps are not enabled by default on client versions of Windows
#

---------------  T H R E A D  ---------------

Current thread (0x0000000002cf0800):  JavaThread "Unknown thread" [_thread_in_vm, id=6020, stack(0x0000000001470000,0x0000000001570000)]

Stack: [0x0000000001470000,0x0000000001570000]
[error occurred during error reporting (printing stack bounds), id 0xc0000005]

Native frames: (J=compiled Java code, j=interpreted, Vv=VM code, C=native code)


---------------  P R O C E S S  ---------------

Java Threads: ( => current thread )

Other Threads:

=>0x0000000002cf0800 (exited) JavaThread "Unknown thread" [_thread_in_vm, id=6020, stack(0x0000000001470000,0x0000000001570000)]

VM state:not at safepoint (normal execution)

VM Mutex/Monitor currently owned by a thread: None

Heap:
 PSYoungGen      total 18944K, used 327K [0x00000000eb100000, 0x00000000ec600000, 0x0000000100000000)
  eden space 16384K, 2% used [0x00000000eb100000,0x00000000eb151ec8,0x00000000ec100000)
  from space 2560K, 0% used [0x00000000ec380000,0x00000000ec380000,0x00000000ec600000)
  to   space 2560K, 0% used [0x00000000ec100000,0x00000000ec100000,0x00000000ec380000)
 ParOldGen       total 44032K, used 0K [0x00000000c1200000, 0x00000000c3d00000, 0x00000000eb100000)
  object space 44032K, 0% used [0x00000000c1200000,0x00000000c1200000,0x00000000c3d00000)
 Metaspace       used 752K, capacity 1092K, committed 1152K, reserved 1060864K
  class space    used 75K, capacity 384K, committed 384K, reserved 1048576K

Card table byte_map: [0x00000000121b0000,0x00000000123b0000] byte_map_base: 0x0000000011ba7000

Marking Bits: (ParMarkBitMap*) 0x000000005ab2a6c0
 Begin Bits: [0x0000000012900000, 0x00000000138b8000)
 End Bits:   [0x00000000138b8000, 0x0000000014870000)

Polling page: 0x0000000001020000

CodeCache: size=245760Kb used=328Kb max_used=328Kb free=245431Kb
 bounds [0x0000000002df0000, 0x0000000003060000, 0x0000000011df0000]
 total_blobs=58 nmethods=0 adapters=38
 compilation: enabled

Compilation events (0 events):
No events

GC Heap History (0 events):
No events

Deoptimization events (0 events):
No events

Internal exceptions (0 events):
No events

Events (10 events):
Event: 0.041 loading class java/lang/Short
Event: 0.041 loading class java/lang/Short done
Event: 0.041 loading class java/lang/Integer
Event: 0.041 loading class java/lang/Integer done
Event: 0.041 loading class java/lang/Long
Event: 0.042 loading class java/lang/Long done
Event: 0.042 loading class java/lang/NullPointerException
Event: 0.042 loading class java/lang/NullPointerException done
Event: 0.042 loading class java/lang/ArithmeticException
Event: 0.042 loading class java/lang/ArithmeticException done


Dynamic libraries:
0x00007ff6627e0000 - 0x00007ff662817000 	C:\Program Files\Java\jre1.8.0_111\bin\javaw.exe
0x00007ffcdd310000 - 0x00007ffcdd4e1000 	C:\WINDOWS\SYSTEM32\ntdll.dll
0x00007ffcdd260000 - 0x00007ffcdd30b000 	C:\WINDOWS\System32\KERNEL32.DLL
0x00007ffcda680000 - 0x00007ffcda89d000 	C:\WINDOWS\System32\KERNELBASE.dll
0x00007ffcdc620000 - 0x00007ffcdc6c2000 	C:\WINDOWS\System32\ADVAPI32.dll
0x00007ffcdc710000 - 0x00007ffcdc7ae000 	C:\WINDOWS\System32\msvcrt.dll
0x00007ffcdd1a0000 - 0x00007ffcdd1f9000 	C:\WINDOWS\System32\sechost.dll
0x00007ffcdbf30000 - 0x00007ffcdc051000 	C:\WINDOWS\System32\RPCRT4.dll
0x00007ffcdc920000 - 0x00007ffcdca85000 	C:\WINDOWS\System32\USER32.dll
0x00007ffcd9800000 - 0x00007ffcd981e000 	C:\WINDOWS\System32\win32u.dll
0x00007ffcdc6d0000 - 0x00007ffcdc704000 	C:\WINDOWS\System32\GDI32.dll
0x00007ffcd9c10000 - 0x00007ffcd9d92000 	C:\WINDOWS\System32\gdi32full.dll
0x00007ffcc9cb0000 - 0x00007ffcc9f29000 	C:\WINDOWS\WinSxS\amd64_microsoft.windows.common-controls_6595b64144ccf1df_6.0.14393.447_none_42191651c6827bb3\COMCTL32.dll
0x00007ffcdcbf0000 - 0x00007ffcdceb8000 	C:\WINDOWS\System32\combase.dll
0x00007ffcd9ab0000 - 0x00007ffcd9ba5000 	C:\WINDOWS\System32\ucrtbase.dll
0x00007ffcd9a40000 - 0x00007ffcd9aaa000 	C:\WINDOWS\System32\bcryptPrimitives.dll
0x00007ffcdc100000 - 0x00007ffcdc12e000 	C:\WINDOWS\System32\IMM32.DLL
0x0000000058f00000 - 0x0000000058fd2000 	C:\Program Files\Java\jre1.8.0_111\bin\msvcr100.dll
0x000000005a310000 - 0x000000005abaa000 	C:\Program Files\Java\jre1.8.0_111\bin\server\jvm.dll
0x00007ffcdc070000 - 0x00007ffcdc078000 	C:\WINDOWS\System32\PSAPI.DLL
0x00007ffcc8e30000 - 0x00007ffcc8e39000 	C:\WINDOWS\SYSTEM32\WSOCK32.dll
0x00007ffcc8e40000 - 0x00007ffcc8e4a000 	C:\WINDOWS\SYSTEM32\VERSION.dll
0x00007ffcd7bd0000 - 0x00007ffcd7bf3000 	C:\WINDOWS\SYSTEM32\WINMM.dll
0x00007ffcdbec0000 - 0x00007ffcdbf2a000 	C:\WINDOWS\System32\WS2_32.dll
0x0000000000ff0000 - 0x000000000101b000 	C:\WINDOWS\SYSTEM32\WINMMBASE.dll
0x00007ffcd99f0000 - 0x00007ffcd9a32000 	C:\WINDOWS\System32\cfgmgr32.dll
0x000000005a220000 - 0x000000005a22f000 	C:\Program Files\Java\jre1.8.0_111\bin\verify.dll
0x000000005a1f0000 - 0x000000005a219000 	C:\Program Files\Java\jre1.8.0_111\bin\java.dll
0x000000005a1d0000 - 0x000000005a1e6000 	C:\Program Files\Java\jre1.8.0_111\bin\zip.dll

VM Arguments:
jvm_args: -Dfile.encoding=Cp1252 
java_command: metadato.informaciondelatabla
java_class_path (initial): C:\Users\KyJhos\workspace\BBDD_JDBS\bin;C:\Users\KyJhos\Desktop\DRIVER CONEXCION MYSQL CON JAVA\mysql-connector-java-5.1.40-bin.jar
Launcher Type: SUN_STANDARD

Environment Variables:
PATH=C:/Program Files/Java/jre1.8.0_111/bin/server;C:/Program Files/Java/jre1.8.0_111/bin;C:/Program Files/Java/jre1.8.0_111/lib/amd64;C:\ProgramData\Oracle\Java\javapath;C:\WINDOWS\system32;C:\WINDOWS;C:\WINDOWS\System32\Wbem;C:\WINDOWS\System32\WindowsPowerShell\v1.0\;C:\Program Files\Java\jdk1.8.0_111\bin;C:\Users\KyJhos\AppData\Local\Microsoft\WindowsApps;;C:\Users\KyJhos\Desktop\eclipse-jee-neon-2-win32-x86_64\eclipse;
USERNAME=KyJhos
OS=Windows_NT
PROCESSOR_IDENTIFIER=Intel64 Family 6 Model 69 Stepping 1, GenuineIntel



---------------  S Y S T E M  ---------------

OS: Windows 10.0 , 64 bit Build 14393 (10.0.14393.0)

CPU:total 4 (2 cores per cpu, 2 threads per core) family 6 model 69 stepping 1, cmov, cx8, fxsr, mmx, sse, sse2, sse3, ssse3, sse4.1, sse4.2, popcnt, avx, avx2, aes, clmul, erms, lzcnt, ht, tsc, tscinvbit, bmi1, bmi2

Memory: 4k page, physical 4115736k(479232k free), swap 4115736k(5972k free)

vm_info: Java HotSpot(TM) 64-Bit Server VM (25.111-b14) for windows-amd64 JRE (1.8.0_111-b14), built on Sep 22 2016 19:24:05 by "java_re" with MS VC++ 10.0 (VS2010)

time: Thu Feb 16 17:31:48 2017
elapsed time: 0 seconds (0d 0h 0m 0s)

